********************************************************************************
DUPLICATOR-LITE PACKAGE-LOG: 2 July 2021 9 h 39 min
NOTICE: Do NOT post to public sites or forums 
********************************************************************************
VERSION:	1.4.1
WORDPRESS:	5.7.2
PHP INFO:	7.3.21 | SAPI: apache2handler
SERVER:		Apache/2.4.46 (Win64) PHP/7.3.21 
PHP TIME LIMIT: (0) no time limit imposed 
PHP MAX MEMORY: 4294967296 (128M default) 
MEMORY STACK: 2MB

********************************************************************************
DATABASE:
********************************************************************************
BUILD MODE:   PHP(query limit - 100)
MYSQLTIMEOUT: 5000
MYSQLDUMP:    Not Supported
TABLES: total:13 | filtered:0 | create:13
FILTERED: []
SQL CREATED: 20210702_tour_laptop_3c45d8d9190ac6d81329_20210702093932_database.sql
SQL FILE SIZE: 368.2KB (377040)
SQL FILE TIME: 2021-07-02 09:39:41
SQL RUNTIME: 0.73 sec.

********************************************************************************
ARCHIVE (ZIP):
********************************************************************************
ARCHIVE DIR:  C:/wamp64/www/WordPress-theme-creation-101
ARCHIVE FILE: 20210702_tour_laptop_3c45d8d9190ac6d81329_20210702093932_archive.zip
FILTERS: *OFF*
DIRS:
	not set
FILES:
	not set
EXTS:  not set
----------------------------------------
COMPRESSING
SIZE:	120.69MB
STATS:	Dirs 631 | Files 5,603
SQL ADDED: 20210702_tour_laptop_3c45d8d9190ac6d81329_20210702093932_database.sql
ZipArchive Object
(
    [status] => 0
    [statusSys] => 0
    [numFiles] => 6234
    [filename] => C:\wamp64\www\WordPress-theme-creation-101\wp-content\backups-dup-lite\tmp\20210702_tour_laptop_3c45d8d9190ac6d81329_20210702093932_archive.zip
    [comment] => 
)

FILE ADDED TO ZIP: 6233
COMPRESSION RESULT: '1'
COMPRESSED SIZE: 81.39MB
ARCHIVE RUNTIME: 16.36 sec.
MEMORY STACK: 4MB
building installer
add_extra_files1
add_extra_files2
add_extra_files3
add_extra_files4
Doing archive file check
add_extra_files5
add_extra_files6
add_extra_files8
Successfully opened zip C:/wamp64/www/WordPress-theme-creation-101/wp-content/backups-dup-lite/tmp/20210702_tour_laptop_3c45d8d9190ac6d81329_20210702093932_archive.zip
Adding enhanced installer files to archive using ZipArchive
Installer files added to archive
Added to archive
After ziparchive close when adding installer

********************************************************************************
INTEGRITY CHECKS:
********************************************************************************
SQL FILE: 368.2KB
INSTALLER FILE: 64.14KB
ARCHIVE FILE: 82.82MB 
EXPECTED FILE/DIRECTORY COUNT: 6,234
ACTUAL FILE/DIRECTORY COUNT: 6,233
ARCHIVE CONSISTENCY TEST: Pass

********************************************************************************
RECORD ID:[2]
TOTAL PROCESS RUNTIME: 18.33 sec.
PEAK PHP MEMORY USED: 4MB
DONE PROCESSING => 20210702_tour_laptop 2 July 2021 9 h 39 min

