********************************************************************************
DUPLICATOR-LITE PACKAGE-LOG: 14 June 2021 22 h 37 min
NOTICE: Do NOT post to public sites or forums 
********************************************************************************
VERSION:	1.4.1
WORDPRESS:	5.7.2
PHP INFO:	7.3.21 | SAPI: apache2handler
SERVER:		Apache/2.4.46 (Win64) PHP/7.3.21 
PHP TIME LIMIT: (0) no time limit imposed 
PHP MAX MEMORY: 4294967296 (128M default) 
MEMORY STACK: 2MB

********************************************************************************
DATABASE:
********************************************************************************
BUILD MODE:   PHP(query limit - 100)
MYSQLTIMEOUT: 5000
MYSQLDUMP:    Not Supported
TABLES: total:13 | filtered:0 | create:13
FILTERED: []
SQL CREATED: 20210613_tour_laptop_ae27f299b065ae056902_20210614223658_database.sql
SQL FILE SIZE: 339.15KB (347289)
SQL FILE TIME: 2021-06-14 22:37:05
SQL RUNTIME: 0.70 sec.

********************************************************************************
ARCHIVE (ZIP):
********************************************************************************
ARCHIVE DIR:  C:/wamp64/www/WordPress-theme-creation-101
ARCHIVE FILE: 20210613_tour_laptop_ae27f299b065ae056902_20210614223658_archive.zip
FILTERS: *OFF*
DIRS:
	not set
FILES:
	not set
EXTS:  not set
----------------------------------------
COMPRESSING
SIZE:	77.91MB
STATS:	Dirs 630 | Files 5,171
SQL ADDED: 20210613_tour_laptop_ae27f299b065ae056902_20210614223658_database.sql
ZipArchive Object
(
    [status] => 0
    [statusSys] => 0
    [numFiles] => 5801
    [filename] => C:\wamp64\www\WordPress-theme-creation-101\wp-content\backups-dup-lite\tmp\20210613_tour_laptop_ae27f299b065ae056902_20210614223658_archive.zip
    [comment] => 
)

FILE ADDED TO ZIP: 5800
COMPRESSION RESULT: '1'
COMPRESSED SIZE: 38.82MB
ARCHIVE RUNTIME: 13.92 sec.
MEMORY STACK: 4MB
building installer
add_extra_files1
add_extra_files2
add_extra_files3
add_extra_files4
Doing archive file check
add_extra_files5
add_extra_files6
add_extra_files8
Successfully opened zip C:/wamp64/www/WordPress-theme-creation-101/wp-content/backups-dup-lite/tmp/20210613_tour_laptop_ae27f299b065ae056902_20210614223658_archive.zip
Adding enhanced installer files to archive using ZipArchive
Installer files added to archive
Added to archive
After ziparchive close when adding installer

********************************************************************************
INTEGRITY CHECKS:
********************************************************************************
SQL FILE: 339.15KB
INSTALLER FILE: 64.14KB
ARCHIVE FILE: 40.24MB 
EXPECTED FILE/DIRECTORY COUNT: 5,801
ACTUAL FILE/DIRECTORY COUNT: 5,800
ARCHIVE CONSISTENCY TEST: Pass

********************************************************************************
RECORD ID:[1]
TOTAL PROCESS RUNTIME: 15.56 sec.
PEAK PHP MEMORY USED: 4MB
DONE PROCESSING => 20210613_tour_laptop 14 June 2021 22 h 37 min

